[ 1085.663992] e1000: enp0s8 NIC Link is Down
[ 1085.723067] general protection fault: 0000 [#13] SMP PTI
[ 1085.736548] Modules linked in: vboxsf isofs input_leds serio_raw vboxguest video sch_fq_codel ib_iser rdma_cm iw_cm ib_cm ib_core iscsi_tcp libiscsi_tcp libiscsi scsi_transport_iscsi ip_tables x_tables autofs4 btrfs zstd_compress raid10 raid456 async_raid6_recov async_memcpy async_pq async_xor async_tx xor raid6_pq libcrc32c raid1 raid0 multipath linear crct10dif_pclmul crc32_pclmul ghash_clmulni_intel pcbc mptspi scsi_transport_spi aesni_intel mptscsih aes_x86_64 crypto_simd glue_helper cryptd psmouse mptbase e1000
[ 1085.898970] CPU: 0 PID: 763 Comm: networkd-dispat Tainted: G      D          4.15.0-36-generic #39-Ubuntu
[ 1085.927255] Hardware name: innotek GmbH VirtualBox/VirtualBox, BIOS VirtualBox 12/01/2006
[ 1085.936192] RIP: 0010:kmem_cache_alloc_trace+0x85/0x1b0
[ 1085.938407] RSP: 0018:ffffb425c13efd98 EFLAGS: 00010286
[ 1085.940655] RAX: 805df23357b0af99 RBX: 805df23357b0af99 RCX: 000000000001937c
[ 1085.951114] RDX: 000000000001937b RSI: 00000000014080c0 RDI: 00000000000270a0
[ 1085.964607] RBP: ffffb425c13efdd0 R08: ffff9359ac8270a0 R09: 0000000000000000
[ 1085.989555] R10: 0000000000000001 R11: 0000000000000000 R12: 00000000014080c0
[ 1086.005769] R13: ffff9359a6803800 R14: 805df23357b0af99 R15: ffff9359a6803800
[ 1086.025086] FS:  00007f7dda138740(0000) GS:ffff9359ac800000(0000) knlGS:0000000000000000
[ 1086.045254] CS:  0010 DS: 0000 ES: 0000 CR0: 0000000080050033
[ 1086.056743] CR2: 00000000000000b0 CR3: 0000000163e12000 CR4: 00000000000406f0
[ 1086.069383] Call Trace:
[ 1086.071255]  ? ext4_readdir+0x8a5/0xa10
[ 1086.077351]  ext4_readdir+0x8a5/0xa10
[ 1086.089119]  iterate_dir+0x9e/0x1a0
[ 1086.090759]  SyS_getdents+0xa0/0x130
[ 1086.092550]  ? fillonedir+0x100/0x100
[ 1086.094074]  do_syscall_64+0x73/0x130
[ 1086.095598]  ? do_syscall_64+0x73/0x130
[ 1086.098438]  entry_SYSCALL_64_after_hwframe+0x3d/0xa2
[ 1086.100664] RIP: 0033:0x7f7dd8dfc0a8
[ 1086.102357] RSP: 002b:00007fffb6048830 EFLAGS: 00000206 ORIG_RAX: 000000000000004e
[ 1086.105762] RAX: ffffffffffffffda RBX: 0000000001bbe950 RCX: 00007f7dd8dfc0a8
[ 1086.113599] RDX: 0000000000008000 RSI: 0000000001bbe950 RDI: 0000000000000006
[ 1086.137913] RBP: 0000000001bbe950 R08: 0000000000000000 R09: 0000000000000000
[ 1086.157621] R10: 00000000019ea010 R11: 0000000000000206 R12: ffffffffffffff80
[ 1086.193937] R13: 0000000000000000 R14: 000000000060ead0 R15: 0000000000000001
[ 1086.213830] Code: 86 7c 45 49 83 78 10 00 4d 8b 30 0f 84 f2 00 00 00 4d 85 f6 0f 84 e9 00 00 00 49 63 5f 20 49 8b 3f 48 8d 4a 01 4c 89 f0 4c 01 f3 <48> 33 1b 49 33 9f 40 01 00 00 65 48 0f c7 0f 0f 94 c0 84 c0 74 
[ 1086.243913] RIP: kmem_cache_alloc_trace+0x85/0x1b0 RSP: ffffb425c13efd98
[ 1086.264499] ---[ end trace 29af11dc57597067 ]---
[ 1089.722719] e1000: enp0s8 NIC Link is Up 1000 Mbps Full Duplex, Flow Control: RX
[ 1200.704030] general protection fault: 0000 [#14] SMP PTI
[ 1200.736041] Modules linked in: vboxsf isofs input_leds serio_raw vboxguest video sch_fq_codel ib_iser rdma_cm iw_cm ib_cm ib_core iscsi_tcp libiscsi_tcp libiscsi scsi_transport_iscsi ip_tables x_tables autofs4 btrfs zstd_compress raid10 raid456 async_raid6_recov async_memcpy async_pq async_xor async_tx xor raid6_pq libcrc32c raid1 raid0 multipath linear crct10dif_pclmul crc32_pclmul ghash_clmulni_intel pcbc mptspi scsi_transport_spi aesni_intel mptscsih aes_x86_64 crypto_simd glue_helper cryptd psmouse mptbase e1000
[ 1201.593180] CPU: 0 PID: 769 Comm: dbus-daemon Tainted: G      D          4.15.0-36-generic #39-Ubuntu
[ 1201.778316] Hardware name: innotek GmbH VirtualBox/VirtualBox, BIOS VirtualBox 12/01/2006
[ 1201.861416] RIP: 0010:kmem_cache_alloc_trace+0x85/0x1b0
[ 1201.892751] RSP: 0018:ffffb425c1827d98 EFLAGS: 00010286
[ 1201.916180] RAX: 805df23357b0af99 RBX: 805df23357b0af99 RCX: 000000000001937c
[ 1201.966570] RDX: 000000000001937b RSI: 00000000014080c0 RDI: 00000000000270a0
[ 1202.004473] RBP: ffffb425c1827dd0 R08: ffff9359ac8270a0 R09: 0000000000000000
[ 1202.176771] R10: 0000000000000001 R11: 0000000000000000 R12: 00000000014080c0
[ 1202.202877] R13: ffff9359a6803800 R14: 805df23357b0af99 R15: ffff9359a6803800
[ 1202.232667] FS:  00007fc9569108c0(0000) GS:ffff9359ac800000(0000) knlGS:0000000000000000
[ 1202.261801] CS:  0010 DS: 0000 ES: 0000 CR0: 0000000080050033
[ 1202.363124] CR2: 00007f0ae45edc63 CR3: 0000000163e74000 CR4: 00000000000406f0
[ 1202.458442] Call Trace:
[ 1202.478423]  ? ext4_readdir+0x8a5/0xa10
[ 1202.502456]  ext4_readdir+0x8a5/0xa10
[ 1202.506033]  iterate_dir+0x9e/0x1a0
[ 1202.513220]  SyS_getdents+0xa0/0x130
[ 1202.517284]  ? fillonedir+0x100/0x100
[ 1202.592499]  do_syscall_64+0x73/0x130
[ 1202.728089]  ? do_syscall_64+0x73/0x130
[ 1202.811175]  entry_SYSCALL_64_after_hwframe+0x3d/0xa2
[ 1202.853722] RIP: 0033:0x7fc9552630a8
[ 1202.884282] RSP: 002b:00007fff529247b0 EFLAGS: 00000202 ORIG_RAX: 000000000000004e
[ 1203.032955] RAX: ffffffffffffffda RBX: 000055bfd222fe70 RCX: 00007fc9552630a8
[ 1203.061800] RDX: 0000000000008000 RSI: 000055bfd222fe70 RDI: 000000000000000b
[ 1203.096045] RBP: 000055bfd222fe70 R08: 000055bfd222b5d0 R09: 00007fc95556ec40
[ 1203.157541] R10: 0000000000000007 R11: 0000000000000202 R12: fffffffffffffde0
[ 1203.170433] R13: 0000000000000000 R14: 00007fff52924880 R15: 000055bfd222b5d0
[ 1203.219026] Code: 86 7c 45 49 83 78 10 00 4d 8b 30 0f 84 f2 00 00 00 4d 85 f6 0f 84 e9 00 00 00 49 63 5f 20 49 8b 3f 48 8d 4a 01 4c 89 f0 4c 01 f3 <48> 33 1b 49 33 9f 40 01 00 00 65 48 0f c7 0f 0f 94 c0 84 c0 74 
[ 1203.430037] RIP: kmem_cache_alloc_trace+0x85/0x1b0 RSP: ffffb425c1827d98
[ 1203.540803] ---[ end trace 29af11dc57597068 ]---
[ 1203.560326] general protection fault: 0000 [#15] SMP PTI
[ 1203.576394] Modules linked in: vboxsf isofs input_leds serio_raw vboxguest video sch_fq_codel ib_iser rdma_cm iw_cm ib_cm ib_core iscsi_tcp libiscsi_tcp libiscsi scsi_transport_iscsi ip_tables x_tables autofs4 btrfs zstd_compress raid10 raid456 async_raid6_recov async_memcpy async_pq async_xor async_tx xor raid6_pq libcrc32c raid1 raid0 multipath linear crct10dif_pclmul crc32_pclmul ghash_clmulni_intel pcbc mptspi scsi_transport_spi aesni_intel mptscsih aes_x86_64 crypto_simd glue_helper cryptd psmouse mptbase e1000
[ 1203.760097] CPU: 0 PID: 972 Comm: vminfo Tainted: G      D          4.15.0-36-generic #39-Ubuntu
[ 1203.779291] Hardware name: innotek GmbH VirtualBox/VirtualBox, BIOS VirtualBox 12/01/2006
[ 1203.841967] RIP: 0010:kmem_cache_alloc_trace+0x85/0x1b0
[ 1203.855730] RSP: 0018:ffffb425c1183df8 EFLAGS: 00010286
[ 1203.880709] RAX: 805df23357b0af99 RBX: 805df23357b0af99 RCX: 000000000001937c
[ 1203.953188] RDX: 000000000001937b RSI: 00000000014000c0 RDI: 00000000000270a0
[ 1204.056144] RBP: ffffb425c1183e30 R08: ffff9359ac8270a0 R09: 0000000000000000
[ 1204.102372] R10: 0000000000000000 R11: 0000000000000000 R12: 00000000014000c0
[ 1204.126805] R13: ffff9359a6803800 R14: 805df23357b0af99 R15: ffff9359a6803800
[ 1204.133154] FS:  00007f64d661c700(0000) GS:ffff9359ac800000(0000) knlGS:0000000000000000
[ 1204.151511] CS:  0010 DS: 0000 ES: 0000 CR0: 0000000080050033
[ 1204.178071] CR2: 00007ffc349e1efc CR3: 0000000164228000 CR4: 00000000000406f0
[ 1204.192454] Call Trace:
[ 1204.215185]  ? sock_alloc_inode+0x3b/0xc0
[ 1204.238740]  sock_alloc_inode+0x3b/0xc0
[ 1204.257713]  alloc_inode+0x20/0x90
[ 1204.280484]  new_inode_pseudo+0x11/0x60
[ 1204.355999]  sock_alloc+0x1c/0x80
[ 1204.417143]  __sock_create+0x80/0x210
[ 1204.510912]  SyS_socket+0x55/0x90
[ 1204.553690]  ? exit_to_usermode_loop+0x94/0xd0
[ 1204.567657]  do_syscall_64+0x73/0x130
[ 1204.580946]  entry_SYSCALL_64_after_hwframe+0x3d/0xa2
[ 1204.591041] RIP: 0033:0x7f64d7843ec7
[ 1204.606619] RSP: 002b:00007f64d661bba8 EFLAGS: 00000202 ORIG_RAX: 0000000000000029
[ 1204.637879] RAX: ffffffffffffffda RBX: 00000000ffffffd8 RCX: 00007f64d7843ec7
[ 1204.684944] RDX: 0000000000000000 RSI: 0000000000000002 RDI: 0000000000000002
[ 1204.733105] RBP: 00007f64d661bd70 R08: 000000000000005f R09: 00007f64d661bb50
[ 1204.762333] R10: 00000000fffffffe R11: 0000000000000202 R12: 0000000000000001
[ 1204.780603] R13: 000000000000005f R14: 00000000005cb7c1 R15: 0000000000465c58
[ 1204.844820] Code: 86 7c 45 49 83 78 10 00 4d 8b 30 0f 84 f2 00 00 00 4d 85 f6 0f 84 e9 00 00 00 49 63 5f 20 49 8b 3f 48 8d 4a 01 4c 89 f0 4c 01 f3 <48> 33 1b 49 33 9f 40 01 00 00 65 48 0f c7 0f 0f 94 c0 84 c0 74 
[ 1204.934576] RIP: kmem_cache_alloc_trace+0x85/0x1b0 RSP: ffffb425c1183df8
[ 1204.982943] ---[ end trace 29af11dc57597069 ]---
[ 1205.003397] general protection fault: 0000 [#16] SMP PTI
[ 1205.031805] Modules linked in: vboxsf isofs input_leds serio_raw vboxguest video sch_fq_codel ib_iser rdma_cm iw_cm ib_cm ib_core iscsi_tcp libiscsi_tcp libiscsi scsi_transport_iscsi ip_tables x_tables autofs4 btrfs zstd_compress raid10 raid456 async_raid6_recov async_memcpy async_pq async_xor async_tx xor raid6_pq libcrc32c raid1 raid0 multipath linear crct10dif_pclmul crc32_pclmul ghash_clmulni_intel pcbc mptspi scsi_transport_spi aesni_intel mptscsih aes_x86_64 crypto_simd glue_helper cryptd psmouse mptbase e1000
[ 1205.401666] CPU: 0 PID: 908 Comm: gmain Tainted: G      D          4.15.0-36-generic #39-Ubuntu
[ 1205.533257] Hardware name: innotek GmbH VirtualBox/VirtualBox, BIOS VirtualBox 12/01/2006
[ 1205.592134] RIP: 0010:__kmalloc+0xa1/0x220
[ 1205.612419] RSP: 0018:ffffb425c12ffac0 EFLAGS: 00010286
[ 1205.629583] RAX: 805df23357b0af99 RBX: 0000000000000000 RCX: 000000000001937c
[ 1205.657139] RDX: 000000000001937b RSI: 0000000088ea3700 RDI: 00000000000270a0
[ 1205.744735] RBP: ffffb425c12ffaf0 R08: 805df23357b0af99 R09: ffff9359a6803800
[ 1205.909320] R10: 0000000000000000 R11: 00000000000002fb R12: 805df23357b0af99
[ 1206.057435] R13: 00000000014000c0 R14: 0000000000000030 R15: ffff9359a6803800
[ 1206.078331] FS:  00007f3a88ea3700(0000) GS:ffff9359ac800000(0000) knlGS:0000000000000000
[ 1206.119694] CS:  0010 DS: 0000 ES: 0000 CR0: 0000000080050033
[ 1206.139468] CR2: 00007fb98408b808 CR3: 0000000163e0a000 CR4: 00000000000406f0
[ 1206.153788] Call Trace:
[ 1206.160171]  ? inotify_handle_event+0x6d/0x150
[ 1206.238986]  inotify_handle_event+0x6d/0x150
[ 1206.257403]  inotify_ignored_and_remove_idr+0x32/0x60
[ 1206.387867]  inotify_freeing_mark+0xe/0x10
[ 1206.439528]  fsnotify_free_mark+0x50/0x70
[ 1206.443579]  fsnotify_clear_marks_by_group+0x68/0x130
[ 1206.468539]  fsnotify_destroy_group+0x34/0xd0
[ 1206.500708]  inotify_release+0x1e/0x50
[ 1206.518239]  __fput+0xea/0x220
[ 1206.549971]  ____fput+0xe/0x10
[ 1206.629518]  task_work_run+0x9d/0xc0
[ 1206.675740]  do_exit+0x2ec/0xb40
[ 1206.700464]  do_group_exit+0x43/0xb0
[ 1206.726461]  get_signal+0x27b/0x590
[ 1206.736440]  do_signal+0x37/0x730
[ 1206.739110]  ? wake_up_q+0x80/0x80
[ 1206.781038]  exit_to_usermode_loop+0x73/0xd0
[ 1206.793189]  do_syscall_64+0x115/0x130
[ 1206.806415]  entry_SYSCALL_64_after_hwframe+0x3d/0xa2
[ 1206.826398] RIP: 0033:0x7f3a8b78ebf9
[ 1206.839119] RSP: 002b:00007f3a88ea2c70 EFLAGS: 00000293 ORIG_RAX: 0000000000000007
[ 1206.865010] RAX: fffffffffffffdfc RBX: 00005634ae628190 RCX: 00007f3a8b78ebf9
[ 1206.953742] RDX: 00000000ffffffff RSI: 0000000000000002 RDI: 00005634ae628190
[ 1206.993287] RBP: 0000000000000002 R08: 0000000000000000 R09: 00005634ae649690
[ 1207.005084] R10: 00005634ae644d40 R11: 0000000000000293 R12: 00000000ffffffff
[ 1207.128906] R13: 00000000ffffffff R14: 00007f3a8beffd00 R15: 0000000000000002
[ 1207.188864] Code: 7d 7c 45 49 83 78 10 00 4d 8b 20 0f 84 19 01 00 00 4d 85 e4 0f 84 10 01 00 00 4d 63 41 20 49 8b 39 48 8d 4a 01 4c 89 e0 4d 01 e0 <4d> 8b 18 4d 33 99 40 01 00 00 4c 89 c3 4c 31 db 65 48 0f c7 0f 
[ 1207.366451] RIP: __kmalloc+0xa1/0x220 RSP: ffffb425c12ffac0
[ 1207.389179] ---[ end trace 29af11dc5759706a ]---
[ 1207.458817] Fixing recursive fault but reboot is needed!
[ 1216.740406] general protection fault: 0000 [#17] SMP PTI
[ 1216.777926] Modules linked in: vboxsf isofs input_leds serio_raw vboxguest video sch_fq_codel ib_iser rdma_cm iw_cm ib_cm ib_core iscsi_tcp libiscsi_tcp libiscsi scsi_transport_iscsi ip_tables x_tables autofs4 btrfs zstd_compress raid10 raid456 async_raid6_recov async_memcpy async_pq async_xor async_tx xor raid6_pq libcrc32c raid1 raid0 multipath linear crct10dif_pclmul crc32_pclmul ghash_clmulni_intel pcbc mptspi scsi_transport_spi aesni_intel mptscsih aes_x86_64 crypto_simd glue_helper cryptd psmouse mptbase e1000
[ 1217.208361] CPU: 0 PID: 894 Comm: sshd Tainted: G      D          4.15.0-36-generic #39-Ubuntu
[ 1217.250234] Hardware name: innotek GmbH VirtualBox/VirtualBox, BIOS VirtualBox 12/01/2006
[ 1217.258196] RIP: 0010:kmem_cache_alloc_trace+0x85/0x1b0
[ 1217.266092] RSP: 0018:ffffb425c1217d88 EFLAGS: 00010286
[ 1217.283358] RAX: 805df23357b0af99 RBX: 805df23357b0af99 RCX: 000000000001937c
[ 1217.302780] RDX: 000000000001937b RSI: 00000000014000c0 RDI: 00000000000270a0
[ 1217.334269] RBP: ffffb425c1217dc0 R08: ffff9359ac8270a0 R09: 0000000000000000
[ 1217.433440] R10: 0000000000000000 R11: 0000000000000000 R12: 00000000014000c0
[ 1217.623861] R13: ffff9359a6803800 R14: 805df23357b0af99 R15: ffff9359a6803800
[ 1217.827713] FS:  00007f2b717b7900(0000) GS:ffff9359ac800000(0000) knlGS:0000000000000000
[ 1218.075532] CS:  0010 DS: 0000 ES: 0000 CR0: 0000000080050033
[ 1218.090469] CR2: 00007fb98408b808 CR3: 0000000164ac4000 CR4: 00000000000406f0
[ 1218.103236] Call Trace:
[ 1218.105874]  ? sock_alloc_inode+0x3b/0xc0
[ 1218.127380]  sock_alloc_inode+0x3b/0xc0
[ 1218.154158]  alloc_inode+0x20/0x90
[ 1218.155839]  new_inode_pseudo+0x11/0x60
[ 1218.158454]  sock_alloc+0x1c/0x80
[ 1218.173844]  SYSC_accept4+0x66/0x210
[ 1218.178062]  ? handle_mm_fault+0xb1/0x1f0
[ 1218.186853]  ? SyS_select+0xc9/0x110
[ 1218.308691]  SyS_accept+0x10/0x20
[ 1218.377201]  do_syscall_64+0x73/0x130
[ 1218.463465]  entry_SYSCALL_64_after_hwframe+0x3d/0xa2
[ 1218.703065] RIP: 0033:0x7f2b6f62b7e4
[ 1218.838362] RSP: 002b:00007ffc349e0238 EFLAGS: 00000246 ORIG_RAX: 000000000000002b
[ 1218.985023] RAX: ffffffffffffffda RBX: 0000000000000001 RCX: 00007f2b6f62b7e4
[ 1219.041872] RDX: 00007ffc349e0294 RSI: 00007ffc349e02a0 RDI: 0000000000000003
[ 1219.075541] RBP: 0000000000000063 R08: 0000000000000000 R09: 0000000000000000
[ 1219.091751] R10: 0000000000000064 R11: 0000000000000246 R12: 000055711c799730
[ 1219.170335] R13: 000000000000000a R14: 00007ffc349e04b4 R15: 000055711bdcfcbc
[ 1219.231541] Code: 86 7c 45 49 83 78 10 00 4d 8b 30 0f 84 f2 00 00 00 4d 85 f6 0f 84 e9 00 00 00 49 63 5f 20 49 8b 3f 48 8d 4a 01 4c 89 f0 4c 01 f3 <48> 33 1b 49 33 9f 40 01 00 00 65 48 0f c7 0f 0f 94 c0 84 c0 74 
[ 1219.419501] RIP: kmem_cache_alloc_trace+0x85/0x1b0 RSP: ffffb425c1217d88
[ 1219.541496] ---[ end trace 29af11dc5759706b ]---
[ 1222.400539] general protection fault: 0000 [#18] SMP PTI
[ 1222.437448] Modules linked in: vboxsf isofs input_leds serio_raw vboxguest video sch_fq_codel ib_iser rdma_cm iw_cm ib_cm ib_core iscsi_tcp libiscsi_tcp libiscsi scsi_transport_iscsi ip_tables x_tables autofs4 btrfs zstd_compress raid10 raid456 async_raid6_recov async_memcpy async_pq async_xor async_tx xor raid6_pq libcrc32c raid1 raid0 multipath linear crct10dif_pclmul crc32_pclmul ghash_clmulni_intel pcbc mptspi scsi_transport_spi aesni_intel mptscsih aes_x86_64 crypto_simd glue_helper cryptd psmouse mptbase e1000
[ 1222.736950] CPU: 0 PID: 974 Comm: memballoon Tainted: G      D          4.15.0-36-generic #39-Ubuntu
[ 1222.836360] Hardware name: innotek GmbH VirtualBox/VirtualBox, BIOS VirtualBox 12/01/2006
[ 1222.844248] RIP: 0010:__kmalloc+0xa1/0x220
[ 1222.929521] RSP: 0018:ffffb425c11cfd58 EFLAGS: 00010286
[ 1222.985836] RAX: 805df23357b0af99 RBX: 0000000000000000 RCX: 000000000001937c
[ 1223.131014] RDX: 000000000001937b RSI: 0000000000000000 RDI: 00000000000270a0
[ 1223.180432] RBP: ffffb425c11cfd88 R08: 805df23357b0af99 R09: ffff9359a6803800
[ 1223.234063] R10: ffffffffffffffea R11: 0000000000000000 R12: 805df23357b0af99
[ 1223.242040] R13: 00000000014002c0 R14: 0000000000000030 R15: ffff9359a6803800
[ 1223.291587] FS:  00007f64d56d7700(0000) GS:ffff9359ac800000(0000) knlGS:0000000000000000
[ 1223.328651] CS:  0010 DS: 0000 ES: 0000 CR0: 0000000080050033
[ 1223.363152] CR2: 00007fb98408b808 CR3: 0000000164228000 CR4: 00000000000406f0
[ 1223.417134] Call Trace:
[ 1223.433317]  ? rtR0MemAllocEx+0x189/0x220 [vboxguest]
[ 1223.542539]  rtR0MemAllocEx+0x189/0x220 [vboxguest]
[ 1223.609009]  VBoxGuest_RTMemAllocTag+0x27/0x60 [vboxguest]
[ 1223.640618]  vgdrvLinuxIOCtl+0xc1/0x290 [vboxguest]
[ 1223.702079]  do_vfs_ioctl+0xa8/0x630
[ 1223.727467]  ? SyS_futex+0x13b/0x180
[ 1223.761062]  SyS_ioctl+0x79/0x90
[ 1223.770801]  do_syscall_64+0x73/0x130
[ 1223.825762]  entry_SYSCALL_64_after_hwframe+0x3d/0xa2
[ 1223.864292] RIP: 0033:0x7f64d78375d7
[ 1223.890180] RSP: 002b:00007f64d56d6d38 EFLAGS: 00000246 ORIG_RAX: 0000000000000010
[ 1223.954029] RAX: ffffffffffffffda RBX: 00007f64d56d6d70 RCX: 00007f64d78375d7
[ 1224.008219] RDX: 00007f64d56d6d70 RSI: 00000000c020560a RDI: 0000000000000003
[ 1224.027941] RBP: 00007f64d56d6d40 R08: 0000000000000000 R09: 00007f6400000000
[ 1224.094243] R10: 00007f64d56d6d60 R11: 0000000000000246 R12: 00000000005cb7f1
[ 1224.137631] R13: 00000000005cb7f0 R14: 00007f64d56d6db8 R15: 00007ffdc40cfae0
[ 1224.183743] Code: 7d 7c 45 49 83 78 10 00 4d 8b 20 0f 84 19 01 00 00 4d 85 e4 0f 84 10 01 00 00 4d 63 41 20 49 8b 39 48 8d 4a 01 4c 89 e0 4d 01 e0 <4d> 8b 18 4d 33 99 40 01 00 00 4c 89 c3 4c 31 db 65 48 0f c7 0f 
[ 1224.310910] RIP: __kmalloc+0xa1/0x220 RSP: ffffb425c11cfd58
[ 1224.355923] ---[ end trace 29af11dc5759706c ]---
[ 1291.431901] general protection fault: 0000 [#19] SMP PTI
[ 1291.489544] Modules linked in: vboxsf isofs input_leds serio_raw vboxguest video sch_fq_codel ib_iser rdma_cm iw_cm ib_cm ib_core iscsi_tcp libiscsi_tcp libiscsi scsi_transport_iscsi ip_tables x_tables autofs4 btrfs zstd_compress raid10 raid456 async_raid6_recov async_memcpy async_pq async_xor async_tx xor raid6_pq libcrc32c raid1 raid0 multipath linear crct10dif_pclmul crc32_pclmul ghash_clmulni_intel pcbc mptspi scsi_transport_spi aesni_intel mptscsih aes_x86_64 crypto_simd glue_helper cryptd psmouse mptbase e1000
[ 1291.842368] CPU: 0 PID: 975 Comm: vmstats Tainted: G      D          4.15.0-36-generic #39-Ubuntu
[ 1291.984976] Hardware name: innotek GmbH VirtualBox/VirtualBox, BIOS VirtualBox 12/01/2006
[ 1292.058447] RIP: 0010:__kmalloc+0xa1/0x220
[ 1292.094603] RSP: 0018:ffffb425c11d7d58 EFLAGS: 00010286
[ 1292.165563] RAX: 805df23357b0af99 RBX: 0000000000000000 RCX: 000000000001937c
[ 1292.285369] RDX: 000000000001937b RSI: 0000000000000000 RDI: 00000000000270a0
[ 1292.315696] RBP: ffffb425c11d7d88 R08: 805df23357b0af99 R09: ffff9359a6803800
[ 1292.376116] R10: ffffffffffffffea R11: 0000000000000000 R12: 805df23357b0af99
[ 1292.508739] R13: 00000000014002c0 R14: 0000000000000030 R15: ffff9359a6803800
[ 1292.667471] FS:  00007f64d5656700(0000) GS:ffff9359ac800000(0000) knlGS:0000000000000000
[ 1292.735260] CS:  0010 DS: 0000 ES: 0000 CR0: 0000000080050033
[ 1292.766380] CR2: 00007fb98408b808 CR3: 0000000164228000 CR4: 00000000000406f0
[ 1292.826108] Call Trace:
[ 1292.838522]  ? rtR0MemAllocEx+0x189/0x220 [vboxguest]
[ 1292.865597]  rtR0MemAllocEx+0x189/0x220 [vboxguest]
[ 1292.883302]  VBoxGuest_RTMemAllocTag+0x27/0x60 [vboxguest]
[ 1292.889370]  vgdrvLinuxIOCtl+0xc1/0x290 [vboxguest]
[ 1292.992087]  do_vfs_ioctl+0xa8/0x630
[ 1293.031803]  ? SyS_futex+0x13b/0x180
[ 1293.034079]  SyS_ioctl+0x79/0x90
[ 1293.066379]  do_syscall_64+0x73/0x130
[ 1293.086233]  entry_SYSCALL_64_after_hwframe+0x3d/0xa2
[ 1293.112825] RIP: 0033:0x7f64d78375d7
[ 1293.120763] RSP: 002b:00007f64d5655b78 EFLAGS: 00000246 ORIG_RAX: 0000000000000010
[ 1293.216622] RAX: ffffffffffffffda RBX: 00007f64d5655bb0 RCX: 00007f64d78375d7
[ 1293.256567] RDX: 00007f64d5655bb0 RSI: 00000000c020560a RDI: 0000000000000003
[ 1293.328977] RBP: 00007f64d5655b80 R08: 0000000000000000 R09: 00007f6400000000
[ 1293.409478] R10: 00007f64d5655ba0 R11: 0000000000000246 R12: 0000000000b52e00
[ 1293.482103] R13: 00000000005cb808 R14: 00007f64d5656700 R15: 00007ffdc40cfae0
[ 1293.567234] Code: 7d 7c 45 49 83 78 10 00 4d 8b 20 0f 84 19 01 00 00 4d 85 e4 0f 84 10 01 00 00 4d 63 41 20 49 8b 39 48 8d 4a 01 4c 89 e0 4d 01 e0 <4d> 8b 18 4d 33 99 40 01 00 00 4c 89 c3 4c 31 db 65 48 0f c7 0f 
[ 1293.713870] RIP: __kmalloc+0xa1/0x220 RSP: ffffb425c11d7d58
[ 1293.739273] ---[ end trace 29af11dc5759706d ]---
[ 1328.505247] general protection fault: 0000 [#20] SMP PTI
[ 1328.606020] Modules linked in: vboxsf isofs input_leds serio_raw vboxguest video sch_fq_codel ib_iser rdma_cm iw_cm ib_cm ib_core iscsi_tcp libiscsi_tcp libiscsi scsi_transport_iscsi ip_tables x_tables autofs4 btrfs zstd_compress raid10 raid456 async_raid6_recov async_memcpy async_pq async_xor async_tx xor raid6_pq libcrc32c raid1 raid0 multipath linear crct10dif_pclmul crc32_pclmul ghash_clmulni_intel pcbc mptspi scsi_transport_spi aesni_intel mptscsih aes_x86_64 crypto_simd glue_helper cryptd psmouse mptbase e1000
[ 1329.937776] CPU: 0 PID: 829 Comm: irqbalance Tainted: G      D          4.15.0-36-generic #39-Ubuntu
[ 1330.157723] Hardware name: innotek GmbH VirtualBox/VirtualBox, BIOS VirtualBox 12/01/2006
[ 1330.361872] RIP: 0010:kmem_cache_alloc_trace+0x85/0x1b0
[ 1330.419290] RSP: 0018:ffffb425c19a3bc0 EFLAGS: 00010286
[ 1330.708146] RAX: 805df23357b0af99 RBX: 805df23357b0af99 RCX: 000000000001937c
[ 1330.784354] RDX: 000000000001937b RSI: 00000000014000c0 RDI: 00000000000270a0
[ 1330.816600] RBP: ffffb425c19a3bf8 R08: ffff9359ac8270a0 R09: 0000000000000000
[ 1330.981411] R10: ffff9359a2344780 R11: 0000000000000000 R12: 00000000014000c0
[ 1331.067725] R13: ffff9359a6803800 R14: 805df23357b0af99 R15: ffff9359a6803800
[ 1331.141877] FS:  00007f98162a7f00(0000) GS:ffff9359ac800000(0000) knlGS:0000000000000000
[ 1331.294867] CS:  0010 DS: 0000 ES: 0000 CR0: 0000000080050033
[ 1331.359570] CR2: 00007fb98408b808 CR3: 0000000162526000 CR4: 00000000000406f0
[ 1331.416320] Call Trace:
[ 1331.444191]  ? proc_reg_open+0x32/0x130
[ 1331.465190]  proc_reg_open+0x32/0x130
[ 1331.505532]  do_dentry_open+0x1c2/0x310
[ 1331.536451]  ? __inode_permission+0x5b/0x160
[ 1331.581766]  ? proc_reg_llseek+0x70/0x70
[ 1331.616474]  vfs_open+0x4f/0x80
[ 1331.720692]  path_openat+0x66e/0x1770
[ 1331.819622]  do_filp_open+0x9b/0x110
[ 1331.840706]  ? call_rcu_sched+0x17/0x20
[ 1331.940663]  ? __check_object_size+0xaf/0x1b0
[ 1332.031110]  ? __alloc_fd+0xb2/0x170
[ 1332.034019]  do_sys_open+0x1bb/0x2c0
[ 1332.088906]  ? do_sys_open+0x1bb/0x2c0
[ 1332.231023]  SyS_openat+0x14/0x20
[ 1332.294345]  do_syscall_64+0x73/0x130
[ 1332.405257]  entry_SYSCALL_64_after_hwframe+0x3d/0xa2
[ 1332.482585] RIP: 0033:0x7f9815066d19
[ 1332.516640] RSP: 002b:00007ffcc767f410 EFLAGS: 00000293 ORIG_RAX: 0000000000000101
[ 1332.581984] RAX: ffffffffffffffda RBX: 000055979677c290 RCX: 00007f9815066d19
[ 1332.681625] RDX: 0000000000000000 RSI: 00007ffcc767fb30 RDI: 00000000ffffff9c
[ 1332.756035] RBP: 0000559795c6da86 R08: 0000000000000000 R09: 0000000000000000
[ 1332.808474] R10: 0000000000000000 R11: 0000000000000293 R12: 0000000000000008
[ 1332.814034] R13: 0000559795c6da86 R14: 00007ffcc767f530 R15: 00007f9815e89280
[ 1332.910414] Code: 86 7c 45 49 83 78 10 00 4d 8b 30 0f 84 f2 00 00 00 4d 85 f6 0f 84 e9 00 00 00 49 63 5f 20 49 8b 3f 48 8d 4a 01 4c 89 f0 4c 01 f3 <48> 33 1b 49 33 9f 40 01 00 00 65 48 0f c7 0f 0f 94 c0 84 c0 74 
[ 1333.016928] RIP: kmem_cache_alloc_trace+0x85/0x1b0 RSP: ffffb425c19a3bc0
[ 1333.089637] ---[ end trace 29af11dc5759706e ]---
[ 1450.355008] general protection fault: 0000 [#21] SMP PTI
[ 1450.431310] Modules linked in: vboxsf isofs input_leds serio_raw vboxguest video sch_fq_codel ib_iser rdma_cm iw_cm ib_cm ib_core iscsi_tcp libiscsi_tcp libiscsi scsi_transport_iscsi ip_tables x_tables autofs4 btrfs zstd_compress raid10 raid456 async_raid6_recov async_memcpy async_pq async_xor async_tx xor raid6_pq libcrc32c raid1 raid0 multipath linear crct10dif_pclmul crc32_pclmul ghash_clmulni_intel pcbc mptspi scsi_transport_spi aesni_intel mptscsih aes_x86_64 crypto_simd glue_helper cryptd psmouse mptbase e1000
[ 1450.787762] CPU: 0 PID: 1480 Comm: systemd-network Tainted: G      D          4.15.0-36-generic #39-Ubuntu
[ 1450.861592] Hardware name: innotek GmbH VirtualBox/VirtualBox, BIOS VirtualBox 12/01/2006
[ 1450.931722] RIP: 0010:kmem_cache_alloc_trace+0x85/0x1b0
[ 1450.983301] RSP: 0018:ffffb425c1207df8 EFLAGS: 00010286
[ 1450.991129] RAX: 805df23357b0af99 RBX: 805df23357b0af99 RCX: 000000000001937c
[ 1451.043969] RDX: 000000000001937b RSI: 00000000014000c0 RDI: 00000000000270a0
[ 1451.061905] RBP: ffffb425c1207e30 R08: ffff9359ac8270a0 R09: 0000000000000000
[ 1451.106679] R10: 0000000000000000 R11: 0000000000000000 R12: 00000000014000c0
[ 1451.117147] R13: ffff9359a6803800 R14: 805df23357b0af99 R15: ffff9359a6803800
[ 1451.158579] FS:  00007f3659397a00(0000) GS:ffff9359ac800000(0000) knlGS:0000000000000000
[ 1451.255900] CS:  0010 DS: 0000 ES: 0000 CR0: 0000000080050033
[ 1451.431029] CR2: 00007fb98408b808 CR3: 0000000164c00000 CR4: 00000000000406f0
[ 1451.485095] Call Trace:
[ 1451.508634]  ? sock_alloc_inode+0x3b/0xc0
[ 1451.536623]  sock_alloc_inode+0x3b/0xc0
[ 1451.554879]  alloc_inode+0x20/0x90
[ 1451.582167]  new_inode_pseudo+0x11/0x60
[ 1451.613145]  sock_alloc+0x1c/0x80
[ 1451.738195]  __sock_create+0x80/0x210
[ 1451.791811]  SyS_socket+0x55/0x90
[ 1451.814239]  do_syscall_64+0x73/0x130
[ 1451.855747]  entry_SYSCALL_64_after_hwframe+0x3d/0xa2
[ 1451.979717] RIP: 0033:0x7f3658eb8ec7
[ 1452.044718] RSP: 002b:00007ffd56e8b8b8 EFLAGS: 00000246 ORIG_RAX: 0000000000000029
[ 1452.089835] RAX: ffffffffffffffda RBX: 0000560c9b0970af RCX: 00007f3658eb8ec7
[ 1452.131336] RDX: 0000000000000000 RSI: 0000000000080002 RDI: 0000000000000001
[ 1452.179947] RBP: 00007ffd56e8b9f0 R08: 0000000000000000 R09: 00007ffd56e8cecd
[ 1452.343262] R10: 00007ffd56e8b9a0 R11: 0000000000000246 R12: 0000000000000000
[ 1452.380671] R13: 0000000000000000 R14: 0000000000000000 R15: 0000000000000001
[ 1452.457115] Code: 86 7c 45 49 83 78 10 00 4d 8b 30 0f 84 f2 00 00 00 4d 85 f6 0f 84 e9 00 00 00 49 63 5f 20 49 8b 3f 48 8d 4a 01 4c 89 f0 4c 01 f3 <48> 33 1b 49 33 9f 40 01 00 00 65 48 0f c7 0f 0f 94 c0 84 c0 74 
[ 1452.512211] RIP: kmem_cache_alloc_trace+0x85/0x1b0 RSP: ffffb425c1207df8
[ 1452.611376] ---[ end trace 29af11dc5759706f ]---
[ 1452.708597] general protection fault: 0000 [#22] SMP PTI
[ 1452.718845] Modules linked in: vboxsf isofs input_leds serio_raw vboxguest video sch_fq_codel ib_iser rdma_cm iw_cm ib_cm ib_core iscsi_tcp libiscsi_tcp libiscsi scsi_transport_iscsi ip_tables x_tables autofs4 btrfs zstd_compress raid10 raid456 async_raid6_recov async_memcpy async_pq async_xor async_tx xor raid6_pq libcrc32c raid1 raid0 multipath linear crct10dif_pclmul crc32_pclmul ghash_clmulni_intel pcbc mptspi scsi_transport_spi aesni_intel mptscsih aes_x86_64 crypto_simd glue_helper cryptd psmouse mptbase e1000
[ 1453.364465] CPU: 0 PID: 836 Comm: systemd-logind Tainted: G      D          4.15.0-36-generic #39-Ubuntu
[ 1453.390947] Hardware name: innotek GmbH VirtualBox/VirtualBox, BIOS VirtualBox 12/01/2006
[ 1453.463576] RIP: 0010:kmem_cache_alloc_trace+0x85/0x1b0
[ 1453.588679] RSP: 0018:ffffb425c192bdf8 EFLAGS: 00010286
[ 1453.641743] RAX: 805df23357b0af99 RBX: 805df23357b0af99 RCX: 000000000001937c
[ 1453.663954] RDX: 000000000001937b RSI: 00000000014000c0 RDI: 00000000000270a0
[ 1453.814608] RBP: ffffb425c192be30 R08: ffff9359ac8270a0 R09: 0000000000000000
[ 1454.060528] R10: 0000000000000000 R11: 00000000000002f4 R12: 00000000014000c0
[ 1454.140974] R13: ffff9359a6803800 R14: 805df23357b0af99 R15: ffff9359a6803800
[ 1454.218955] FS:  00007f8c1cd3e980(0000) GS:ffff9359ac800000(0000) knlGS:0000000000000000
[ 1454.308175] CS:  0010 DS: 0000 ES: 0000 CR0: 0000000080050033
[ 1454.495082] CR2: 00007fb98408b808 CR3: 0000000161a9c000 CR4: 00000000000406f0
[ 1454.595131] Call Trace:
[ 1454.620414]  ? sock_alloc_inode+0x3b/0xc0
[ 1454.632037]  sock_alloc_inode+0x3b/0xc0
[ 1454.657346]  alloc_inode+0x20/0x90
[ 1454.680144]  new_inode_pseudo+0x11/0x60
[ 1454.734286]  sock_alloc+0x1c/0x80
[ 1454.759266]  __sock_create+0x80/0x210
[ 1454.770974]  SyS_socket+0x55/0x90
[ 1454.793799]  do_syscall_64+0x73/0x130
[ 1454.820420]  entry_SYSCALL_64_after_hwframe+0x3d/0xa2
[ 1454.879755] RIP: 0033:0x7f8c1c85fec7
[ 1454.910572] RSP: 002b:00007ffcd7ef25a8 EFLAGS: 00000246 ORIG_RAX: 0000000000000029
[ 1454.980189] RAX: ffffffffffffffda RBX: 00007f8c1c455b68 RCX: 00007f8c1c85fec7
[ 1455.066790] RDX: 0000000000000000 RSI: 0000000000080002 RDI: 0000000000000001
[ 1455.142257] RBP: 00007ffcd7ef26e0 R08: 0000000000000000 R09: 00007ffcd7ef3f59
[ 1455.209379] R10: 00007ffcd7ef2690 R11: 0000000000000246 R12: 0000000000000000
[ 1455.258468] R13: 0000000000000000 R14: 0000000000000000 R15: 0000000000000001
[ 1455.316535] Code: 86 7c 45 49 83 78 10 00 4d 8b 30 0f 84 f2 00 00 00 4d 85 f6 0f 84 e9 00 00 00 49 63 5f 20 49 8b 3f 48 8d 4a 01 4c 89 f0 4c 01 f3 <48> 33 1b 49 33 9f 40 01 00 00 65 48 0f c7 0f 0f 94 c0 84 c0 74 
[ 1455.610216] RIP: kmem_cache_alloc_trace+0x85/0x1b0 RSP: ffffb425c192bdf8
[ 1455.855569] ---[ end trace 29af11dc57597070 ]---
